<?xml version="1.0" encoding="UTF-8"?>
<!-- Generated by org.testng.reporters.JUnitReportReporter -->
<testsuite hostname="LAPTOPSSD18" failures="0" tests="1" name="testCaseVBDT.TC01_ThaoTacTrenFormDuThao" time="1.348" errors="1" timestamp="2023-07-01T16:27:40 ICT" skipped="0">
  <testcase classname="testCaseVBDT.TC01_ThaoTacTrenFormDuThao" name="ThaoTacTrenFormDuThao" time="1.348">
    <error message="session not created
from no such execution context: uniqueContextId not found
  (Session info: chrome=114.0.5735.199)
Build info: version: &#039;3.141.59&#039;, revision: &#039;e82be7d358&#039;, time: &#039;2018-11-14T08:25:48&#039;
System info: host: &#039;LAPTOPSSD18&#039;, ip: &#039;172.16.8.19&#039;, os.name: &#039;Windows 10&#039;, os.arch: &#039;amd64&#039;, os.version: &#039;10.0&#039;, java.version: &#039;16.0.2&#039;
Driver info: driver.version: ChromeDriver
remote stacktrace: Backtrace:
	GetHandleVerifier [0x00D3A813+48355]
	(No symbol) [0x00CCC4B1]
	(No symbol) [0x00BD5358]
	(No symbol) [0x00BC89B0]
	(No symbol) [0x00BC7138]
	(No symbol) [0x00BC77AA]
	(No symbol) [0x00BD8417]
	(No symbol) [0x00BD99E1]
	(No symbol) [0x00BD9A80]
	(No symbol) [0x00C21F1B]
	(No symbol) [0x00C2093C]
	(No symbol) [0x00C1A536]
	(No symbol) [0x00BF82DC]
	(No symbol) [0x00BF93DD]
	GetHandleVerifier [0x00F9AABD+2539405]
	GetHandleVerifier [0x00FDA78F+2800735]
	GetHandleVerifier [0x00FD456C+2775612]
	GetHandleVerifier [0x00DC51E0+616112]
	(No symbol) [0x00CD5F8C]
	(No symbol) [0x00CD2328]
	(No symbol) [0x00CD240B]
	(No symbol) [0x00CC4FF7]
	BaseThreadInitThunk [0x777200C9+25]
	RtlGetAppContainerNamedObjectPath [0x778A7B4E+286]
	RtlGetAppContainerNamedObjectPath [0x778A7B1E+238]
" type="org.openqa.selenium.SessionNotCreatedException">
      <![CDATA[org.openqa.selenium.SessionNotCreatedException: session not created
from no such execution context: uniqueContextId not found
  (Session info: chrome=114.0.5735.199)
Build info: version: '3.141.59', revision: 'e82be7d358', time: '2018-11-14T08:25:48'
System info: host: 'LAPTOPSSD18', ip: '172.16.8.19', os.name: 'Windows 10', os.arch: 'amd64', os.version: '10.0', java.version: '16.0.2'
Driver info: driver.version: ChromeDriver
remote stacktrace: Backtrace:
GetHandleVerifier [0x00D3A813+48355]
(No symbol) [0x00CCC4B1]
(No symbol) [0x00BD5358]
(No symbol) [0x00BC89B0]
(No symbol) [0x00BC7138]
(No symbol) [0x00BC77AA]
(No symbol) [0x00BD8417]
(No symbol) [0x00BD99E1]
(No symbol) [0x00BD9A80]
(No symbol) [0x00C21F1B]
(No symbol) [0x00C2093C]
(No symbol) [0x00C1A536]
(No symbol) [0x00BF82DC]
(No symbol) [0x00BF93DD]
GetHandleVerifier [0x00F9AABD+2539405]
GetHandleVerifier [0x00FDA78F+2800735]
GetHandleVerifier [0x00FD456C+2775612]
GetHandleVerifier [0x00DC51E0+616112]
(No symbol) [0x00CD5F8C]
(No symbol) [0x00CD2328]
(No symbol) [0x00CD240B]
(No symbol) [0x00CC4FF7]
BaseThreadInitThunk [0x777200C9+25]
RtlGetAppContainerNamedObjectPath [0x778A7B4E+286]
RtlGetAppContainerNamedObjectPath [0x778A7B1E+238]

at java.base/jdk.internal.reflect.NativeConstructorAccessorImpl.newInstance0(Native Method)
at java.base/jdk.internal.reflect.NativeConstructorAccessorImpl.newInstance(NativeConstructorAccessorImpl.java:78)
at java.base/jdk.internal.reflect.DelegatingConstructorAccessorImpl.newInstance(DelegatingConstructorAccessorImpl.java:45)
at java.base/java.lang.reflect.Constructor.newInstanceWithCaller(Constructor.java:499)
at java.base/java.lang.reflect.Constructor.newInstance(Constructor.java:480)
at org.openqa.selenium.remote.W3CHandshakeResponse.lambda$errorHandler$0(W3CHandshakeResponse.java:62)
at org.openqa.selenium.remote.HandshakeResponse.lambda$getResponseFunction$0(HandshakeResponse.java:30)
at org.openqa.selenium.remote.ProtocolHandshake.lambda$createSession$0(ProtocolHandshake.java:126)
at java.base/java.util.stream.ReferencePipeline$3$1.accept(ReferencePipeline.java:197)
at java.base/java.util.Spliterators$ArraySpliterator.tryAdvance(Spliterators.java:958)
at java.base/java.util.stream.ReferencePipeline.forEachWithCancel(ReferencePipeline.java:129)
at java.base/java.util.stream.AbstractPipeline.copyIntoWithCancel(AbstractPipeline.java:502)
at java.base/java.util.stream.AbstractPipeline.copyInto(AbstractPipeline.java:488)
at java.base/java.util.stream.AbstractPipeline.wrapAndCopyInto(AbstractPipeline.java:474)
at java.base/java.util.stream.FindOps$FindOp.evaluateSequential(FindOps.java:150)
at java.base/java.util.stream.AbstractPipeline.evaluate(AbstractPipeline.java:234)
at java.base/java.util.stream.ReferencePipeline.findFirst(ReferencePipeline.java:647)
at org.openqa.selenium.remote.ProtocolHandshake.createSession(ProtocolHandshake.java:128)
at org.openqa.selenium.remote.ProtocolHandshake.createSession(ProtocolHandshake.java:74)
at org.openqa.selenium.remote.HttpCommandExecutor.execute(HttpCommandExecutor.java:136)
at org.openqa.selenium.remote.service.DriverCommandExecutor.execute(DriverCommandExecutor.java:83)
at org.openqa.selenium.remote.RemoteWebDriver.execute(RemoteWebDriver.java:552)
at org.openqa.selenium.remote.RemoteWebDriver.startSession(RemoteWebDriver.java:213)
at org.openqa.selenium.remote.RemoteWebDriver.<init>(RemoteWebDriver.java:131)
at org.openqa.selenium.chrome.ChromeDriver.<init>(ChromeDriver.java:181)
at org.openqa.selenium.chrome.ChromeDriver.<init>(ChromeDriver.java:168)
at org.openqa.selenium.chrome.ChromeDriver.<init>(ChromeDriver.java:123)
at testCaseVBDT.TC01_ThaoTacTrenFormDuThao.ThaoTacTrenFormDuThao(TC01_ThaoTacTrenFormDuThao.java:24)
at java.base/jdk.internal.reflect.NativeMethodAccessorImpl.invoke0(Native Method)
at java.base/jdk.internal.reflect.NativeMethodAccessorImpl.invoke(NativeMethodAccessorImpl.java:78)
at java.base/jdk.internal.reflect.DelegatingMethodAccessorImpl.invoke(DelegatingMethodAccessorImpl.java:43)
at java.base/java.lang.reflect.Method.invoke(Method.java:567)
at org.testng.internal.MethodInvocationHelper.invokeMethod(MethodInvocationHelper.java:133)
at org.testng.internal.TestInvoker.invokeMethod(TestInvoker.java:598)
at org.testng.internal.TestInvoker.invokeTestMethod(TestInvoker.java:173)
at org.testng.internal.MethodRunner.runInSequence(MethodRunner.java:46)
at org.testng.internal.TestInvoker$MethodInvocationAgent.invoke(TestInvoker.java:824)
at org.testng.internal.TestInvoker.invokeTestMethods(TestInvoker.java:146)
at org.testng.internal.TestMethodWorker.invokeTestMethods(TestMethodWorker.java:146)
at org.testng.internal.TestMethodWorker.run(TestMethodWorker.java:128)
at java.base/java.util.ArrayList.forEach(ArrayList.java:1511)
at org.testng.TestRunner.privateRun(TestRunner.java:794)
at org.testng.TestRunner.run(TestRunner.java:596)
at org.testng.SuiteRunner.runTest(SuiteRunner.java:377)
at org.testng.SuiteRunner.runSequentially(SuiteRunner.java:371)
at org.testng.SuiteRunner.privateRun(SuiteRunner.java:332)
at org.testng.SuiteRunner.run(SuiteRunner.java:276)
at org.testng.SuiteRunnerWorker.runSuite(SuiteRunnerWorker.java:53)
at org.testng.SuiteRunnerWorker.run(SuiteRunnerWorker.java:96)
at org.testng.TestNG.runSuitesSequentially(TestNG.java:1212)
at org.testng.TestNG.runSuitesLocally(TestNG.java:1134)
at org.testng.TestNG.runSuites(TestNG.java:1063)
at org.testng.TestNG.run(TestNG.java:1031)
at org.testng.remote.AbstractRemoteTestNG.run(AbstractRemoteTestNG.java:115)
at org.testng.remote.RemoteTestNG.initAndRun(RemoteTestNG.java:251)
at org.testng.remote.RemoteTestNG.main(RemoteTestNG.java:77)
]]>
    </error>
  </testcase> <!-- ThaoTacTrenFormDuThao -->
  <system-out/>
</testsuite> <!-- testCaseVBDT.TC01_ThaoTacTrenFormDuThao -->
